build/app/intermediates/manifest_merge_blame_file/release/manifest-merger-blame-release-report.txt
1<?xml version="1.0" encoding="utf-8"?>
2<manifest xmlns:android="http://schemas.android.com/apk/res/android"
3    package="com.example.utcc_mobile"
4    android:versionCode="1"
5    android:versionName="1.0.0" >
6
7    <uses-sdk
8        android:minSdkVersion="18"
8-->src/main/AndroidManifest.xml
9        android:targetSdkVersion="31" />
9-->src/main/AndroidManifest.xml
10
11    <uses-permission android:name="android.permission.INTERNET" />
11-->src/main/AndroidManifest.xml:3:6-67
11-->src/main/AndroidManifest.xml:3:23-65
12    <uses-permission
12-->[:open_filex] AndroidManifest.xml:10:5-12:38
13        android:name="android.permission.READ_EXTERNAL_STORAGE"
13-->[:open_filex] AndroidManifest.xml:11:9-64
14        android:maxSdkVersion="32" />
14-->[:open_filex] AndroidManifest.xml:12:9-35
15    <uses-permission android:name="android.permission.READ_MEDIA_IMAGES" />
15-->[:open_filex] AndroidManifest.xml:13:5-76
15-->[:open_filex] AndroidManifest.xml:13:22-73
16    <uses-permission android:name="android.permission.READ_MEDIA_VIDEO" />
16-->[:open_filex] AndroidManifest.xml:14:5-75
16-->[:open_filex] AndroidManifest.xml:14:22-72
17    <uses-permission android:name="android.permission.READ_MEDIA_AUDIO" />
17-->[:open_filex] AndroidManifest.xml:15:5-75
17-->[:open_filex] AndroidManifest.xml:15:22-72
18
19    <application
20        android:name="android.app.Application"
20-->src/main/AndroidManifest.xml:6:9-42
21        android:appComponentFactory="androidx.core.app.CoreComponentFactory"
21-->[androidx.core:core:1.8.0] AndroidManifest.xml:24:18-86
22        android:icon="@mipmap/ic_launcher"
22-->src/main/AndroidManifest.xml:7:9-43
23        android:label="utcc_mobile" >
23-->src/main/AndroidManifest.xml:5:9-36
24        <activity
24-->src/main/AndroidManifest.xml:8:9-28:20
25            android:name="com.example.utcc_mobile.MainActivity"
25-->src/main/AndroidManifest.xml:9:13-41
26            android:configChanges="orientation|keyboardHidden|keyboard|screenSize|smallestScreenSize|locale|layoutDirection|fontScale|screenLayout|density|uiMode"
26-->src/main/AndroidManifest.xml:13:13-163
27            android:exported="true"
27-->src/main/AndroidManifest.xml:10:13-36
28            android:hardwareAccelerated="true"
28-->src/main/AndroidManifest.xml:14:13-47
29            android:launchMode="singleTop"
29-->src/main/AndroidManifest.xml:11:13-43
30            android:theme="@style/LaunchTheme"
30-->src/main/AndroidManifest.xml:12:13-47
31            android:windowSoftInputMode="adjustResize" >
31-->src/main/AndroidManifest.xml:15:13-55
32
33            <!--
34                 Specifies an Android theme to apply to this Activity as soon as
35                 the Android process has started. This theme is visible to the user
36                 while the Flutter UI initializes. After that, this theme continues
37                 to determine the Window background behind the Flutter UI.
38            -->
39            <meta-data
39-->src/main/AndroidManifest.xml:20:13-23:17
40                android:name="io.flutter.embedding.android.NormalTheme"
40-->src/main/AndroidManifest.xml:21:15-70
41                android:resource="@style/NormalTheme" />
41-->src/main/AndroidManifest.xml:22:15-52
42
43            <intent-filter>
43-->src/main/AndroidManifest.xml:24:13-27:29
44                <action android:name="android.intent.action.MAIN" />
44-->src/main/AndroidManifest.xml:25:17-68
44-->src/main/AndroidManifest.xml:25:25-66
45
46                <category android:name="android.intent.category.LAUNCHER" />
46-->src/main/AndroidManifest.xml:26:17-76
46-->src/main/AndroidManifest.xml:26:27-74
47            </intent-filter>
48        </activity>
49        <!--
50             Don't delete the meta-data below.
51             This is used by the Flutter tool to generate GeneratedPluginRegistrant.java
52        -->
53        <meta-data
53-->src/main/AndroidManifest.xml:31:9-33:33
54            android:name="flutterEmbedding"
54-->src/main/AndroidManifest.xml:32:13-44
55            android:value="2" />
55-->src/main/AndroidManifest.xml:33:13-30
56
57        <provider
57-->[:open_filex] AndroidManifest.xml:18:9-27:20
58            android:name="com.crazecoder.openfile.FileProvider"
58-->[:open_filex] AndroidManifest.xml:19:13-64
59            android:authorities="com.example.utcc_mobile.fileProvider.com.crazecoder.openfile"
59-->[:open_filex] AndroidManifest.xml:20:13-88
60            android:exported="false"
60-->[:open_filex] AndroidManifest.xml:21:13-37
61            android:grantUriPermissions="true" >
61-->[:open_filex] AndroidManifest.xml:22:13-47
62            <meta-data
62-->[:open_filex] AndroidManifest.xml:24:13-26:53
63                android:name="android.support.FILE_PROVIDER_PATHS"
63-->[:open_filex] AndroidManifest.xml:25:17-67
64                android:resource="@xml/filepaths" />
64-->[:open_filex] AndroidManifest.xml:26:17-50
65        </provider>
66        <provider
66-->[:image_picker_android] AndroidManifest.xml:10:9-18:20
67            android:name="io.flutter.plugins.imagepicker.ImagePickerFileProvider"
67-->[:image_picker_android] AndroidManifest.xml:11:13-82
68            android:authorities="com.example.utcc_mobile.flutter.image_provider"
68-->[:image_picker_android] AndroidManifest.xml:12:13-74
69            android:exported="false"
69-->[:image_picker_android] AndroidManifest.xml:13:13-37
70            android:grantUriPermissions="true" >
70-->[:image_picker_android] AndroidManifest.xml:14:13-47
71            <meta-data
71-->[:open_filex] AndroidManifest.xml:24:13-26:53
72                android:name="android.support.FILE_PROVIDER_PATHS"
72-->[:open_filex] AndroidManifest.xml:25:17-67
73                android:resource="@xml/flutter_image_picker_file_paths" />
73-->[:open_filex] AndroidManifest.xml:26:17-50
74        </provider>
75
76        <uses-library
76-->[androidx.window:window:1.0.0-beta04] AndroidManifest.xml:25:9-27:40
77            android:name="androidx.window.extensions"
77-->[androidx.window:window:1.0.0-beta04] AndroidManifest.xml:26:13-54
78            android:required="false" />
78-->[androidx.window:window:1.0.0-beta04] AndroidManifest.xml:27:13-37
79        <uses-library
79-->[androidx.window:window:1.0.0-beta04] AndroidManifest.xml:28:9-30:40
80            android:name="androidx.window.sidecar"
80-->[androidx.window:window:1.0.0-beta04] AndroidManifest.xml:29:13-51
81            android:required="false" />
81-->[androidx.window:window:1.0.0-beta04] AndroidManifest.xml:30:13-37
82    </application>
83
84</manifest>